forrtl: Cannot send after transport endpoint shutdown
forrtl: severe (38): error during write, unit 8, file /s/ls2/users/irina/bilayer/young/arm_0.02/_4/OUTCAR
Image              PC                Routine            Line        Source             
vasp               0000000001512944  Unknown               Unknown  Unknown
vasp               000000000150FE5F  Unknown               Unknown  Unknown
vasp               0000000000E76665  Unknown               Unknown  Unknown
vasp               000000000042D21C  Unknown               Unknown  Unknown
vasp               0000000000406256  Unknown               Unknown  Unknown
libc.so.6          0000003D3061D9F4  Unknown               Unknown  Unknown
vasp               0000000000406159  Unknown               Unknown  Unknown
forrtl: severe (28): CLOSE error, unit 8, file "Unknown"
Image              PC                Routine            Line        Source             
vasp               00000000014CB262  Unknown               Unknown  Unknown
vasp               00000000014CA8A9  Unknown               Unknown  Unknown
vasp               0000000001512944  Unknown               Unknown  Unknown
vasp               000000000150FE5F  Unknown               Unknown  Unknown
vasp               0000000000E76665  Unknown               Unknown  Unknown
vasp               000000000042D21C  Unknown               Unknown  Unknown
vasp               0000000000406256  Unknown               Unknown  Unknown
libc.so.6          0000003D3061D9F4  Unknown               Unknown  Unknown
vasp               0000000000406159  Unknown               Unknown  Unknown
srun: forcing job termination
srun: Job step aborted: Waiting up to 122 seconds for job step to finish.
slurmstepd: error: *** STEP 2963253.0 ON cn1196 CANCELLED AT 2018-08-09T15:06:34 ***
srun: error: cn1196: task 0: Exited with exit code 28
srun: Terminating job step 2963253.0
srun: error: cn1196: task 7: Killed
srun: error: cn1196: task 2: Killed
srun: error: cn1196: tasks 1,3-6: Killed
