srun: Job step aborted: Waiting up to 122 seconds for job step to finish.
srun: got SIGCONT
srun: got SIGCONT
slurmstepd: error: *** JOB 2966921 ON cn1128 CANCELLED AT 2018-08-11T01:34:18 ***
srun: forcing job termination
srun: forcing job termination
slurmstepd: error: *** STEP 2966921.0 ON cn1128 CANCELLED AT 2018-08-11T01:34:18 ***
forrtl: error (78): process killed (SIGTERM)
Image              PC                Routine            Line        Source             
vasp               00000000015994D9  Unknown               Unknown  Unknown
vasp               0000000001597DAE  Unknown               Unknown  Unknown
vasp               000000000151E1B2  Unknown               Unknown  Unknown
vasp               00000000014CB2E3  Unknown               Unknown  Unknown
vasp               00000000014D0F89  Unknown               Unknown  Unknown
libpthread.so.0    00000037AFE0ECA0  Unknown               Unknown  Unknown
libc.so.6          00000037AF678CA0  Unknown               Unknown  Unknown
libc.so.6          00000037AF6327B5  Unknown               Unknown  Unknown
libmkl_core.so     00002B324F391D5D  Unknown               Unknown  Unknown
libmkl_intel_thre  00002B324E066775  Unknown               Unknown  Unknown
libmkl_intel_lp64  00002B324D6870F4  Unknown               Unknown  Unknown
vasp               00000000006744C3  Unknown               Unknown  Unknown
vasp               00000000006780B5  Unknown               Unknown  Unknown
vasp               0000000000429A69  Unknown               Unknown  Unknown
vasp               0000000000406256  Unknown               Unknown  Unknown
libc.so.6          00000037AF61D9F4  Unknown               Unknown  Unknown
vasp               0000000000406159  Unknown               Unknown  Unknown
forrtl: error (78): process killed (SIGTERM)
Image              PC                Routine            Line        Source             
vasp               00000000015994D9  Unknown               Unknown  Unknown
vasp               0000000001597DAE  Unknown               Unknown  Unknown
vasp               000000000151E1B2  Unknown               Unknown  Unknown
vasp               00000000014CB2E3  Unknown               Unknown  Unknown
vasp               00000000014D0F89  Unknown               Unknown  Unknown
libpthread.so.0    00000037AFE0ECA0  Unknown               Unknown  Unknown
libc.so.6          00000037AF678CA0  Unknown               Unknown  Unknown
libc.so.6          00000037AF6327B5  Unknown               Unknown  Unknown
libmkl_core.so     00002B540B089D5D  Unknown               Unknown  Unknown
libmkl_intel_thre  00002B5409D5E775  Unknown               Unknown  Unknown
libmkl_intel_lp64  00002B540937F0F4  Unknown               Unknown  Unknown
vasp               00000000006744C3  Unknown               Unknown  Unknown
vasp               00000000006780B5  Unknown               Unknown  Unknown
vasp               0000000000429A69  Unknown               Unknown  Unknown
vasp               0000000000406256  Unknown               Unknown  Unknown
libc.so.6          00000037AF61D9F4  Unknown               Unknown  Unknown
vasp               0000000000406159  Unknown               Unknown  Unknown
forrtl: error (78): process killed (SIGTERM)
Image              PC                Routine            Line        Source             
vasp               00000000015994D9  Unknown               Unknown  Unknown
vasp               0000000001597DAE  Unknown               Unknown  Unknown
vasp               000000000151E1B2  Unknown               Unknown  Unknown
vasp               00000000014CB2E3  Unknown               Unknown  Unknown
vasp               00000000014D0F89  Unknown               Unknown  Unknown
libpthread.so.0    00000037AFE0ECA0  Unknown               Unknown  Unknown
libc.so.6          00000037AF678CA0  Unknown               Unknown  Unknown
libc.so.6          00000037AF6327B5  Unknown               Unknown  Unknown
libmkl_core.so     00002B8E9E2D3D5D  Unknown               Unknown  Unknown
libmkl_intel_thre  00002B8E9CFA8775  Unknown               Unknown  Unknown
libmkl_intel_lp64  00002B8E9C5C90F4  Unknown               Unknown  Unknown
vasp               00000000006744C3  Unknown               Unknown  Unknown
vasp               00000000006780B5  Unknown               Unknown  Unknown
vasp               0000000000429A69  Unknown               Unknown  Unknown
vasp               0000000000406256  Unknown               Unknown  Unknown
libc.so.6          00000037AF61D9F4  Unknown               Unknown  Unknown
vasp               0000000000406159  Unknown               Unknown  Unknown
forrtl: error (78): process killed (SIGTERM)
Image              PC                Routine            Line        Source             
vasp               00000000015994D9  Unknown               Unknown  Unknown
vasp               0000000001597DAE  Unknown               Unknown  Unknown
vasp               000000000151E1B2  Unknown               Unknown  Unknown
vasp               00000000014CB2E3  Unknown               Unknown  Unknown
vasp               00000000014D0F89  Unknown               Unknown  Unknown
libpthread.so.0    00000037AFE0ECA0  Unknown               Unknown  Unknown
libc.so.6          00000037AF678CA0  Unknown               Unknown  Unknown
libc.so.6          00000037AF6327B5  Unknown               Unknown  Unknown
libmkl_core.so     00002B1052F95D5D  Unknown               Unknown  Unknown
libmkl_intel_thre  00002B1051C6A775  Unknown               Unknown  Unknown
libmkl_intel_lp64  00002B105128B0F4  Unknown               Unknown  Unknown
vasp               00000000006744C3  Unknown               Unknown  Unknown
vasp               00000000006780B5  Unknown               Unknown  Unknown
vasp               0000000000429A69  Unknown               Unknown  Unknown
vasp               0000000000406256  Unknown               Unknown  Unknown
libc.so.6          00000037AF61D9F4  Unknown               Unknown  Unknown
vasp               0000000000406159  Unknown               Unknown  Unknown
forrtl: error (78): process killed (SIGTERM)
Image              PC                Routine            Line        Source             
vasp               00000000015994D9  Unknown               Unknown  Unknown
vasp               0000000001597DAE  Unknown               Unknown  Unknown
vasp               000000000151E1B2  Unknown               Unknown  Unknown
vasp               00000000014CB2E3  Unknown               Unknown  Unknown
vasp               00000000014D0F89  Unknown               Unknown  Unknown
libpthread.so.0    00000037AFE0ECA0  Unknown               Unknown  Unknown
libc.so.6          00000037AF678CA0  Unknown               Unknown  Unknown
libc.so.6          00000037AF6327B5  Unknown               Unknown  Unknown
libmkl_core.so     00002AD731A0CD5D  Unknown               Unknown  Unknown
libmkl_intel_thre  00002AD7306E1775  Unknown               Unknown  Unknown
libmkl_intel_lp64  00002AD72FD020F4  Unknown               Unknown  Unknown
vasp               00000000006744C3  Unknown               Unknown  Unknown
vasp               00000000006780B5  Unknown               Unknown  Unknown
vasp               0000000000429A69  Unknown               Unknown  Unknown
vasp               0000000000406256  Unknown               Unknown  Unknown
libc.so.6          00000037AF61D9F4  Unknown               Unknown  Unknown
vasp               0000000000406159  Unknown               Unknown  Unknown
forrtl: error (78): process killed (SIGTERM)
Image              PC                Routine            Line        Source             
vasp               00000000015994D9  Unknown               Unknown  Unknown
vasp               0000000001597DAE  Unknown               Unknown  Unknown
vasp               000000000151E1B2  Unknown               Unknown  Unknown
vasp               00000000014CB2E3  Unknown               Unknown  Unknown
vasp               00000000014D0F89  Unknown               Unknown  Unknown
libpthread.so.0    00000037AFE0ECA0  Unknown               Unknown  Unknown
libc.so.6          00000037AF678CA0  Unknown               Unknown  Unknown
libc.so.6          00000037AF6327B5  Unknown               Unknown  Unknown
libmkl_core.so     00002B8750C18D5D  Unknown               Unknown  Unknown
libmkl_intel_thre  00002B874F8ED775  Unknown               Unknown  Unknown
libmkl_intel_lp64  00002B874EF0E0F4  Unknown               Unknown  Unknown
vasp               00000000006744C3  Unknown               Unknown  Unknown
vasp               00000000006780B5  Unknown               Unknown  Unknown
vasp               0000000000429A69  Unknown               Unknown  Unknown
vasp               0000000000406256  Unknown               Unknown  Unknown
libc.so.6          00000037AF61D9F4  Unknown               Unknown  Unknown
vasp               0000000000406159  Unknown               Unknown  Unknown
forrtl: error (78): process killed (SIGTERM)
Image              PC                Routine            Line        Source             
vasp               00000000015994D9  Unknown               Unknown  Unknown
vasp               0000000001597DAE  Unknown               Unknown  Unknown
vasp               000000000151E1B2  Unknown               Unknown  Unknown
vasp               00000000014CB2E3  Unknown               Unknown  Unknown
vasp               00000000014D0F89  Unknown               Unknown  Unknown
libpthread.so.0    00000037AFE0ECA0  Unknown               Unknown  Unknown
libc.so.6          00000037AF678CA0  Unknown               Unknown  Unknown
libc.so.6          00000037AF6327B5  Unknown               Unknown  Unknown
libmkl_core.so     00002B726A973D5D  Unknown               Unknown  Unknown
libmkl_intel_thre  00002B7269648775  Unknown               Unknown  Unknown
libmkl_intel_lp64  00002B7268C690F4  Unknown               Unknown  Unknown
vasp               00000000006744C3  Unknown               Unknown  Unknown
vasp               00000000006780B5  Unknown               Unknown  Unknown
vasp               0000000000429A69  Unknown               Unknown  Unknown
vasp               0000000000406256  Unknown               Unknown  Unknown
libc.so.6          00000037AF61D9F4  Unknown               Unknown  Unknown
vasp               0000000000406159  Unknown               Unknown  Unknown
forrtl: error (78): process killed (SIGTERM)
Image              PC                Routine            Line        Source             
vasp               00000000015994D9  Unknown               Unknown  Unknown
vasp               0000000001597DAE  Unknown               Unknown  Unknown
vasp               000000000151E1B2  Unknown               Unknown  Unknown
vasp               00000000014CB2E3  Unknown               Unknown  Unknown
vasp               00000000014D0F89  Unknown               Unknown  Unknown
libpthread.so.0    00000037AFE0ECA0  Unknown               Unknown  Unknown
libc.so.6          00000037AF678CA0  Unknown               Unknown  Unknown
libc.so.6          00000037AF6327B5  Unknown               Unknown  Unknown
libmkl_core.so     00002B34ACF04D5D  Unknown               Unknown  Unknown
libmkl_intel_thre  00002B34ABBD9775  Unknown               Unknown  Unknown
libmkl_intel_lp64  00002B34AB1FA0F4  Unknown               Unknown  Unknown
vasp               00000000006744C3  Unknown               Unknown  Unknown
vasp               00000000006780B5  Unknown               Unknown  Unknown
vasp               0000000000429A69  Unknown               Unknown  Unknown
vasp               0000000000406256  Unknown               Unknown  Unknown
libc.so.6          00000037AF61D9F4  Unknown               Unknown  Unknown
vasp               0000000000406159  Unknown               Unknown  Unknown
srun: error: cn1128: tasks 0-7: Exited with exit code 1
srun: Terminating job step 2966921.0
